#
# There is insufficient memory for the Java Runtime Environment to continue.
# Native memory allocation (mmap) failed to map 266338304 bytes for G1 virtual space
# Possible reasons:
#   The system is out of physical RAM or swap space
#   The process is running with CompressedOops enabled, and the Java Heap may be blocking the growth of the native heap
# Possible solutions:
#   Reduce memory load on the system
#   Increase physical memory or swap space
#   Check if swap backing store is full
#   Decrease Java heap size (-Xmx/-Xms)
#   Decrease number of Java threads
#   Decrease Java thread stack sizes (-Xss)
#   Set larger code cache with -XX:ReservedCodeCacheSize=
#   JVM is running with Zero Based Compressed Oops mode in which the Java heap is
#     placed in the first 32GB address space. The Java Heap base address is the
#     maximum limit for the native heap growth. Please use -XX:HeapBaseMinAddress
#     to set the Java Heap base and to place the Java Heap above 32GB virtual address.
# This output file may be truncated or incomplete.
#
#  Out of Memory Error (os_windows.cpp:3532), pid=53656, tid=14872
#
# JRE version:  (17.0.2+8) (build )
# Java VM: OpenJDK 64-Bit Server VM (17.0.2+8, mixed mode, sharing, tiered, compressed oops, compressed class ptrs, g1 gc, windows-amd64)
# No core dump will be written. Minidumps are not enabled by default on client versions of Windows
#

---------------  S U M M A R Y ------------

Command Line: -agentlib:jvmhook -ea -Dfile.encoding=Cp1252 -XX:+ShowCodeDetailsInExceptionMessages -Xrunjvmhook -Xbootclasspath/a:C:\Program Files (x86)\Micro Focus\UFT Developer\bin\java_shared\classes;C:\Program Files (x86)\Micro Focus\UFT Developer\bin\java_shared\classes\jasmine.jar org.testng.remote.RemoteTestNG -serport 63807 -protocol json -d D:\CursoCucumber\CucumberTest\test-output C:\Users\MSI\AppData\Local\Temp\testng-eclipse--541596673\testng-customsuite.xml

Host: Intel(R) Core(TM) i5-10500H CPU @ 2.50GHz, 12 cores, 15G,  Windows 10 , 64 bit Build 19041 (10.0.19041.2251)
Time: Fri Nov 18 00:10:31 2022 Hora est. Pacífico, Sudamérica elapsed time: 0.025419 seconds (0d 0h 0m 0s)

---------------  T H R E A D  ---------------

Current thread (0x00000221d4b27560):  JavaThread "Unknown thread" [_thread_in_vm, id=14872, stack(0x000000c3ec900000,0x000000c3eca00000)]

Stack: [0x000000c3ec900000,0x000000c3eca00000]
Native frames: (J=compiled Java code, j=interpreted, Vv=VM code, C=native code)
V  [jvm.dll+0x67564a]
V  [jvm.dll+0x82fc04]
V  [jvm.dll+0x8313ae]
V  [jvm.dll+0x831a13]
V  [jvm.dll+0x245235]
V  [jvm.dll+0x672539]
V  [jvm.dll+0x666e82]
V  [jvm.dll+0x30401b]
V  [jvm.dll+0x30b566]
V  [jvm.dll+0x35b1fe]
V  [jvm.dll+0x35b42f]
V  [jvm.dll+0x2daf58]
V  [jvm.dll+0x2dbec4]
V  [jvm.dll+0x801881]
V  [jvm.dll+0x368f81]
V  [jvm.dll+0x7e0cdc]
V  [jvm.dll+0x3eb8bf]
V  [jvm.dll+0x3ed441]
C  [jli.dll+0x5277]
C  [ucrtbase.dll+0x21bb2]
C  [KERNEL32.DLL+0x174b4]
C  [ntdll.dll+0x526a1]


---------------  P R O C E S S  ---------------

Threads class SMR info:
_java_thread_list=0x00007ffcbe705e98, length=0, elements={
}

Java Threads: ( => current thread )

Other Threads:
  0x00000221d4b769d0 GCTaskThread "GC Thread#0" [stack: 0x000000c3eca00000,0x000000c3ecb00000] [id=54736]
  0x00000221d4b87df0 ConcurrentGCThread "G1 Main Marker" [stack: 0x000000c3ecb00000,0x000000c3ecc00000] [id=56008]
  0x00000221d4b88800 ConcurrentGCThread "G1 Conc#0" [stack: 0x000000c3ecc00000,0x000000c3ecd00000] [id=12416]

[error occurred during error reporting (printing all threads), id 0xc0000005, EXCEPTION_ACCESS_VIOLATION (0xc0000005) at pc=0x00007ffcbdedb9d7]

VM state: not at safepoint (not fully initialized)

VM Mutex/Monitor currently owned by a thread:  ([mutex/lock_event])
[0x00000221d4b235a0] Heap_lock - owner thread: 0x00000221d4b27560

Heap address: 0x0000000702c00000, size: 4052 MB, Compressed Oops mode: Zero based, Oop shift amount: 3

CDS archive(s) mapped at: [0x0000000000000000-0x0000000000000000-0x0000000000000000), size 0, SharedBaseAddress: 0x0000000800000000, ArchiveRelocationMode: 0.
Narrow klass base: 0x0000000000000000, Narrow klass shift: 0, Narrow klass range: 0x0

GC Precious Log:
<Empty>

Heap:
 garbage-first heap   total 0K, used 0K [0x0000000702c00000, 0x0000000800000000)
  region size 2048K, 0 young (0K), 0 survivors (0K)

[error occurred during error reporting (printing heap information), id 0xc0000005, EXCEPTION_ACCESS_VIOLATION (0xc0000005) at pc=0x00007ffcbe2be899]

GC Heap History (0 events):
No events

Deoptimization events (0 events):
No events

Classes unloaded (0 events):
No events

Classes redefined (0 events):
No events

Internal exceptions (0 events):
No events

VM Operations (0 events):
No events

Events (2 events):
Event: 0.021 Loaded shared library C:\Users\MSI\.p2\pool\plugins\org.eclipse.justj.openjdk.hotspot.jre.full.win32.x86_64_17.0.2.v20220201-1208\jre\bin\java.dll
Event: 0.023 Loaded shared library C:\Users\MSI\.p2\pool\plugins\org.eclipse.justj.openjdk.hotspot.jre.full.win32.x86_64_17.0.2.v20220201-1208\jre\bin\zip.dll


Dynamic libraries:
0x00007ff79bb80000 - 0x00007ff79bb8e000 	C:\Users\MSI\.p2\pool\plugins\org.eclipse.justj.openjdk.hotspot.jre.full.win32.x86_64_17.0.2.v20220201-1208\jre\bin\javaw.exe
0x00007ffd68bd0000 - 0x00007ffd68dc8000 	C:\Windows\SYSTEM32\ntdll.dll
0x00007ffd673d0000 - 0x00007ffd6748f000 	C:\Windows\System32\KERNEL32.DLL
0x00007ffd66590000 - 0x00007ffd66862000 	C:\Windows\System32\KERNELBASE.dll
0x00007ffd66490000 - 0x00007ffd66590000 	C:\Windows\System32\ucrtbase.dll
0x00007ffd2f7d0000 - 0x00007ffd2f7e8000 	C:\Users\MSI\.p2\pool\plugins\org.eclipse.justj.openjdk.hotspot.jre.full.win32.x86_64_17.0.2.v20220201-1208\jre\bin\jli.dll
0x00007ffd2fdc0000 - 0x00007ffd2fdd9000 	C:\Users\MSI\.p2\pool\plugins\org.eclipse.justj.openjdk.hotspot.jre.full.win32.x86_64_17.0.2.v20220201-1208\jre\bin\VCRUNTIME140.dll
0x00007ffd67570000 - 0x00007ffd6770d000 	C:\Windows\System32\USER32.dll
0x00007ffd48bd0000 - 0x00007ffd48e6a000 	C:\Windows\WinSxS\amd64_microsoft.windows.common-controls_6595b64144ccf1df_6.0.19041.1110_none_60b5254171f9507e\COMCTL32.dll
0x00007ffd66870000 - 0x00007ffd66892000 	C:\Windows\System32\win32u.dll
0x00007ffd67150000 - 0x00007ffd6717b000 	C:\Windows\System32\GDI32.dll
0x00007ffd67180000 - 0x00007ffd6721e000 	C:\Windows\System32\msvcrt.dll
0x00007ffd66a80000 - 0x00007ffd66b8f000 	C:\Windows\System32\gdi32full.dll
0x00007ffd66340000 - 0x00007ffd663dd000 	C:\Windows\System32\msvcp_win.dll
0x00007ffd66e70000 - 0x00007ffd66ea2000 	C:\Windows\System32\IMM32.DLL
0x00007ffd3f390000 - 0x00007ffd3f39c000 	C:\Users\MSI\.p2\pool\plugins\org.eclipse.justj.openjdk.hotspot.jre.full.win32.x86_64_17.0.2.v20220201-1208\jre\bin\vcruntime140_1.dll
0x00007ffd21c80000 - 0x00007ffd21d11000 	C:\Users\MSI\.p2\pool\plugins\org.eclipse.justj.openjdk.hotspot.jre.full.win32.x86_64_17.0.2.v20220201-1208\jre\bin\msvcp140.dll
0x00007ffcbdbf0000 - 0x00007ffcbe837000 	C:\Users\MSI\.p2\pool\plugins\org.eclipse.justj.openjdk.hotspot.jre.full.win32.x86_64_17.0.2.v20220201-1208\jre\bin\server\jvm.dll
0x00007ffd67b90000 - 0x00007ffd67c3e000 	C:\Windows\System32\ADVAPI32.dll
0x00007ffd68af0000 - 0x00007ffd68b8c000 	C:\Windows\System32\sechost.dll
0x00007ffd66d40000 - 0x00007ffd66e65000 	C:\Windows\System32\RPCRT4.dll
0x00007ffd67b80000 - 0x00007ffd67b88000 	C:\Windows\System32\PSAPI.DLL
0x00007ffd4c9a0000 - 0x00007ffd4c9a9000 	C:\Windows\SYSTEM32\WSOCK32.dll
0x00007ffd51ed0000 - 0x00007ffd51ef7000 	C:\Windows\SYSTEM32\WINMM.dll
0x00007ffd67360000 - 0x00007ffd673cb000 	C:\Windows\System32\WS2_32.dll
0x00007ffd650a0000 - 0x00007ffd650aa000 	C:\Windows\SYSTEM32\VERSION.dll
0x00007ffd65050000 - 0x00007ffd65062000 	C:\Windows\SYSTEM32\kernel.appcore.dll
0x00007ffd4ca50000 - 0x00007ffd4ca5a000 	C:\Users\MSI\.p2\pool\plugins\org.eclipse.justj.openjdk.hotspot.jre.full.win32.x86_64_17.0.2.v20220201-1208\jre\bin\jimage.dll
0x00007ffd5cfe0000 - 0x00007ffd5d1c4000 	C:\Windows\SYSTEM32\DBGHELP.DLL
0x00007ffd4ec30000 - 0x00007ffd4ec5c000 	C:\Windows\SYSTEM32\dbgcore.DLL
0x00007ffd66b90000 - 0x00007ffd66c12000 	C:\Windows\System32\bcryptPrimitives.dll
0x0000000180000000 - 0x000000018002c000 	C:\Windows\SYSTEM32\jvmhook.dll
0x00007ffd67220000 - 0x00007ffd6734a000 	C:\Windows\System32\ole32.dll
0x00007ffd68440000 - 0x00007ffd68794000 	C:\Windows\System32\combase.dll
0x00007ffd68a10000 - 0x00007ffd68add000 	C:\Windows\System32\OLEAUT32.dll
0x00007ffd3f5a0000 - 0x00007ffd3f5c5000 	C:\Users\MSI\.p2\pool\plugins\org.eclipse.justj.openjdk.hotspot.jre.full.win32.x86_64_17.0.2.v20220201-1208\jre\bin\java.dll
0x00007ffd3a650000 - 0x00007ffd3a668000 	C:\Users\MSI\.p2\pool\plugins\org.eclipse.justj.openjdk.hotspot.jre.full.win32.x86_64_17.0.2.v20220201-1208\jre\bin\zip.dll

dbghelp: loaded successfully - version: 4.0.5 - missing functions: none
symbol engine: initialized successfully - sym options: 0x614 - pdb path: .;C:\Users\MSI\.p2\pool\plugins\org.eclipse.justj.openjdk.hotspot.jre.full.win32.x86_64_17.0.2.v20220201-1208\jre\bin;C:\Windows\SYSTEM32;C:\Windows\WinSxS\amd64_microsoft.windows.common-controls_6595b64144ccf1df_6.0.19041.1110_none_60b5254171f9507e;C:\Users\MSI\.p2\pool\plugins\org.eclipse.justj.openjdk.hotspot.jre.full.win32.x86_64_17.0.2.v20220201-1208\jre\bin\server

VM Arguments:
jvm_args: -agentlib:jvmhook -ea -Dfile.encoding=Cp1252 -XX:+ShowCodeDetailsInExceptionMessages -Xrunjvmhook -Xbootclasspath/a:C:\Program Files (x86)\Micro Focus\UFT Developer\bin\java_shared\classes;C:\Program Files (x86)\Micro Focus\UFT Developer\bin\java_shared\classes\jasmine.jar 
java_command: org.testng.remote.RemoteTestNG -serport 63807 -protocol json -d D:\CursoCucumber\CucumberTest\test-output C:\Users\MSI\AppData\Local\Temp\testng-eclipse--541596673\testng-customsuite.xml
java_class_path (initial): C:\Users\MSI\eclipse\java-2021-12\eclipse\configuration\org.eclipse.osgi\440\0\.cp\lib\testng-remote.jar;D:\CursoCucumber\CucumberTest\target\test-classes;D:\CursoCucumber\CucumberTest\target\classes;C:\Users\MSI\.m2\repository\org\seleniumhq\selenium\selenium-java\3.141.59\selenium-java-3.141.59.jar;C:\Users\MSI\.m2\repository\org\seleniumhq\selenium\selenium-api\3.141.59\selenium-api-3.141.59.jar;C:\Users\MSI\.m2\repository\org\seleniumhq\selenium\selenium-chrome-driver\3.141.59\selenium-chrome-driver-3.141.59.jar;C:\Users\MSI\.m2\repository\org\seleniumhq\selenium\selenium-edge-driver\3.141.59\selenium-edge-driver-3.141.59.jar;C:\Users\MSI\.m2\repository\org\seleniumhq\selenium\selenium-firefox-driver\3.141.59\selenium-firefox-driver-3.141.59.jar;C:\Users\MSI\.m2\repository\org\seleniumhq\selenium\selenium-ie-driver\3.141.59\selenium-ie-driver-3.141.59.jar;C:\Users\MSI\.m2\repository\org\seleniumhq\selenium\selenium-opera-driver\3.141.59\selenium-opera-driver-3.141.59.jar;C:\Users\MSI\.m2\repository\org\seleniumhq\selenium\selenium-remote-driver\3.141.59\selenium-remote-driver-3.141.59.jar;C:\Users\MSI\.m2\repository\org\seleniumhq\selenium\selenium-safari-driver\3.141.59\selenium-safari-driver-3.141.59.jar;C:\Users\MSI\.m2\repository\org\seleniumhq\selenium\selenium-support\3.141.59\selenium-support-3.141.59.jar;C:\Users\MSI\.m2\repository\net\bytebuddy\byte-buddy\1.8.15\byte-buddy-1.8.15.jar;C:\Users\MSI\.m2\repository\org\apache\commons\commons-exec\1.3\commons-exec-1.3.jar;C:\Users\MSI\.m2\repository\com\google\guava\guava\25.0-jre\guava-25.0-jre.jar;C:\Users\MSI\.m2\repository\org\checkerframework\checker-compat-qual\2.0.0\checker-compat-qual-2.0.0.jar;C:\Users\MSI\.m2\repository\com\google\errorprone\error_prone_annotations\2.1.3\error_prone_annotations-2.1.3.jar;C:\Users\MSI\.m2\repository\com\google\j2objc\j2objc-annotations\1.1\j2objc-annotations-1.1.jar;C:\Users\MSI\.m2\repository\org\codehaus\mojo\animal-sniffer-annotations
Launcher Type: SUN_STANDARD

[Global flags]
     intx CICompilerCount                          = 4                                         {product} {ergonomic}
     uint ConcGCThreads                            = 3                                         {product} {ergonomic}
     uint G1ConcRefinementThreads                  = 10                                        {product} {ergonomic}
   size_t G1HeapRegionSize                         = 2097152                                   {product} {ergonomic}
    uintx GCDrainStackTargetSize                   = 64                                        {product} {ergonomic}
   size_t InitialHeapSize                          = 266338304                                 {product} {ergonomic}
   size_t MarkStackSize                            = 4194304                                   {product} {ergonomic}
   size_t MaxHeapSize                              = 4248829952                                {product} {ergonomic}
   size_t MinHeapDeltaBytes                        = 2097152                                   {product} {ergonomic}
   size_t MinHeapSize                              = 8388608                                   {product} {ergonomic}
    uintx NonNMethodCodeHeapSize                   = 5839372                                {pd product} {ergonomic}
    uintx NonProfiledCodeHeapSize                  = 122909434                              {pd product} {ergonomic}
    uintx ProfiledCodeHeapSize                     = 122909434                              {pd product} {ergonomic}
    uintx ReservedCodeCacheSize                    = 251658240                              {pd product} {ergonomic}
     bool SegmentedCodeCache                       = true                                      {product} {ergonomic}
     bool ShowCodeDetailsInExceptionMessages       = true                                   {manageable} {command line}
   size_t SoftMaxHeapSize                          = 4248829952                             {manageable} {ergonomic}
     bool UseCompressedClassPointers               = true                           {product lp64_product} {ergonomic}
     bool UseCompressedOops                        = true                           {product lp64_product} {ergonomic}
     bool UseG1GC                                  = true                                      {product} {ergonomic}
     bool UseLargePagesIndividualAllocation        = false                                  {pd product} {ergonomic}

Logging:
Log output configuration:
 #0: stdout all=warning uptime,level,tags
 #1: stderr all=off uptime,level,tags

Environment Variables:
JAVA_HOME=C:\Program Files\Java\jdk-15.0.2
JAVA_TOOL_OPTIONS=-agentlib:jvmhook
_JAVA_OPTIONS=-Xrunjvmhook -Xbootclasspath/a:"C:\Program Files (x86)\Micro Focus\UFT Developer\bin\java_shared\classes";"C:\Program Files (x86)\Micro Focus\UFT Developer\bin\java_shared\classes\jasmine.jar"
PATH=C:/Users/MSI/.p2/pool/plugins/org.eclipse.justj.openjdk.hotspot.jre.full.win32.x86_64_17.0.2.v20220201-1208/jre/bin/server;C:/Users/MSI/.p2/pool/plugins/org.eclipse.justj.openjdk.hotspot.jre.full.win32.x86_64_17.0.2.v20220201-1208/jre/bin;C:\Program Files (x86)\Common Files\Oracle\Java\javapath;C:\Program Files\Common Files\Oracle\Java\javapath;C:\Windows\system32;C:\Windows;C:\Windows\System32\Wbem;C:\Windows\System32\WindowsPowerShell\v1.0\;C:\Windows\System32\OpenSSH\;C:\Program Files\nodejs\;C:\gradle\gradle-7.4.1\bin;C:\Program Files\Java\jdk-15.0.2\bin;C:\Program Files\Docker\Docker\resources\bin;C:\ProgramData\DockerDesktop\version-bin;C:\Program Files\dotnet\;C:\Program Files (x86)\dotnet\;C:\Program Files (x86)\Micro Focus\UFT Developer\bin;C:\Program Files\Git\cmd;C:\Users\MSI\AppData\Local\Microsoft\WindowsApps;;D:\Microsoft VS Code\bin;C:\Users\MSI\AppData\Roaming\npm;C:\Windows\system32;;C:\Program Files (x86)\Micro Focus\UFT Developer\\bin64
USERNAME=MSI
OS=Windows_NT
PROCESSOR_IDENTIFIER=Intel64 Family 6 Model 165 Stepping 2, GenuineIntel



---------------  S Y S T E M  ---------------

OS:
 Windows 10 , 64 bit Build 19041 (10.0.19041.2251)
OS uptime: 1 days 12:56 hours
Hyper-V role detected

CPU: total 12 (initial active 12) (6 cores per cpu, 2 threads per core) family 6 model 165 stepping 2 microcode 0xe2, cx8, cmov, fxsr, ht, mmx, 3dnowpref, sse, sse2, sse3, ssse3, sse4.1, sse4.2, popcnt, lzcnt, tsc, tscinvbit, avx, avx2, aes, erms, clmul, bmi1, bmi2, adx, fma, vzeroupper, clflush, clflushopt, hv

Memory: 4k page, system-wide physical 16205M (745M free)
TotalPageFile size 46651M (AvailPageFile size 156M)
current process WorkingSet (physical memory assigned to process): 11M, peak: 11M
current process commit charge ("private bytes"): 64M, peak: 318M

vm_info: OpenJDK 64-Bit Server VM (17.0.2+8) for windows-amd64 JRE (17.0.2+8), built on Jan 20 2022 04:52:34 by "" with MS VC++ 16.7 (VS2019)

END.
